CRITICAL - 2023-09-30 07:15:40 --> syntax error, unexpected identifier "print_r", expecting "," or ";"
in APPPATH/Controllers/ShopController.php on line 48.
 1 SYSTEMPATH/Autoloader/Autoloader.php(285): CodeIgniter\Autoloader\Autoloader->includeFile()
 2 SYSTEMPATH/Autoloader/Autoloader.php(263): CodeIgniter\Autoloader\Autoloader->loadInNamespace()
 3 [internal function]: CodeIgniter\Autoloader\Autoloader->loadClass()
 4 SYSTEMPATH/CodeIgniter.php(877): class_exists()
 5 SYSTEMPATH/CodeIgniter.php(481): CodeIgniter\CodeIgniter->startController()
 6 SYSTEMPATH/CodeIgniter.php(353): CodeIgniter\CodeIgniter->handleRequest()
 7 FCPATH/index.php(79): CodeIgniter\CodeIgniter->run()
 8 SYSTEMPATH/Commands/Server/rewrite.php(47): require_once('/var/www/html/ITC-311-ACTIVITY-3/public/index.php')
CRITICAL - 2023-09-30 07:16:12 --> syntax error, unexpected token "}"
in APPPATH/Controllers/ShopController.php on line 51.
 1 SYSTEMPATH/Autoloader/Autoloader.php(285): CodeIgniter\Autoloader\Autoloader->includeFile()
 2 SYSTEMPATH/Autoloader/Autoloader.php(263): CodeIgniter\Autoloader\Autoloader->loadInNamespace()
 3 [internal function]: CodeIgniter\Autoloader\Autoloader->loadClass()
 4 SYSTEMPATH/CodeIgniter.php(877): class_exists()
 5 SYSTEMPATH/CodeIgniter.php(481): CodeIgniter\CodeIgniter->startController()
 6 SYSTEMPATH/CodeIgniter.php(353): CodeIgniter\CodeIgniter->handleRequest()
 7 FCPATH/index.php(79): CodeIgniter\CodeIgniter->run()
 8 SYSTEMPATH/Commands/Server/rewrite.php(47): require_once('/var/www/html/ITC-311-ACTIVITY-3/public/index.php')
CRITICAL - 2023-09-30 07:17:01 --> syntax error, unexpected token "}"
in APPPATH/Controllers/ShopController.php on line 41.
 1 SYSTEMPATH/Autoloader/Autoloader.php(285): CodeIgniter\Autoloader\Autoloader->includeFile()
 2 SYSTEMPATH/Autoloader/Autoloader.php(263): CodeIgniter\Autoloader\Autoloader->loadInNamespace()
 3 [internal function]: CodeIgniter\Autoloader\Autoloader->loadClass()
 4 SYSTEMPATH/CodeIgniter.php(877): class_exists()
 5 SYSTEMPATH/CodeIgniter.php(481): CodeIgniter\CodeIgniter->startController()
 6 SYSTEMPATH/CodeIgniter.php(353): CodeIgniter\CodeIgniter->handleRequest()
 7 FCPATH/index.php(79): CodeIgniter\CodeIgniter->run()
 8 SYSTEMPATH/Commands/Server/rewrite.php(47): require_once('/var/www/html/ITC-311-ACTIVITY-3/public/index.php')
CRITICAL - 2023-09-30 07:17:18 --> syntax error, unexpected token "}"
in APPPATH/Controllers/ShopController.php on line 41.
 1 SYSTEMPATH/Autoloader/Autoloader.php(285): CodeIgniter\Autoloader\Autoloader->includeFile()
 2 SYSTEMPATH/Autoloader/Autoloader.php(263): CodeIgniter\Autoloader\Autoloader->loadInNamespace()
 3 [internal function]: CodeIgniter\Autoloader\Autoloader->loadClass()
 4 SYSTEMPATH/CodeIgniter.php(877): class_exists()
 5 SYSTEMPATH/CodeIgniter.php(481): CodeIgniter\CodeIgniter->startController()
 6 SYSTEMPATH/CodeIgniter.php(353): CodeIgniter\CodeIgniter->handleRequest()
 7 FCPATH/index.php(79): CodeIgniter\CodeIgniter->run()
 8 SYSTEMPATH/Commands/Server/rewrite.php(47): require_once('/var/www/html/ITC-311-ACTIVITY-3/public/index.php')
CRITICAL - 2023-09-30 07:33:29 --> Undefined variable $prod
in APPPATH/Views/adminfold/admintable.php on line 16.
 1 APPPATH/Views/adminfold/admintable.php(16): CodeIgniter\Debug\Exceptions->errorHandler()
 2 SYSTEMPATH/View/View.php(226): include('/var/www/html/ITC-311-ACTIVITY-3/app/Views/adminfold/admintable.php')
 3 SYSTEMPATH/View/View.php(229): CodeIgniter\View\View->CodeIgniter\View\{closure}()
 4 SYSTEMPATH/View/View.php(467): CodeIgniter\View\View->render()
 5 APPPATH/Views/Admin.php(19): CodeIgniter\View\View->include()
 6 SYSTEMPATH/View/View.php(226): include('/var/www/html/ITC-311-ACTIVITY-3/app/Views/Admin.php')
 7 SYSTEMPATH/View/View.php(229): CodeIgniter\View\View->CodeIgniter\View\{closure}()
 8 SYSTEMPATH/Common.php(1188): CodeIgniter\View\View->render()
 9 APPPATH/Controllers/ShopController.php(37): view()
10 SYSTEMPATH/CodeIgniter.php(919): App\Controllers\ShopController->Admin()
11 SYSTEMPATH/CodeIgniter.php(494): CodeIgniter\CodeIgniter->runController()
12 SYSTEMPATH/CodeIgniter.php(353): CodeIgniter\CodeIgniter->handleRequest()
13 FCPATH/index.php(79): CodeIgniter\CodeIgniter->run()
14 SYSTEMPATH/Commands/Server/rewrite.php(47): require_once('/var/www/html/ITC-311-ACTIVITY-3/public/index.php')
CRITICAL - 2023-09-30 07:33:59 --> Undefined variable $prod
in APPPATH/Views/adminfold/admintable.php on line 16.
 1 APPPATH/Views/adminfold/admintable.php(16): CodeIgniter\Debug\Exceptions->errorHandler()
 2 SYSTEMPATH/View/View.php(226): include('/var/www/html/ITC-311-ACTIVITY-3/app/Views/adminfold/admintable.php')
 3 SYSTEMPATH/View/View.php(229): CodeIgniter\View\View->CodeIgniter\View\{closure}()
 4 SYSTEMPATH/View/View.php(467): CodeIgniter\View\View->render()
 5 APPPATH/Views/Admin.php(19): CodeIgniter\View\View->include()
 6 SYSTEMPATH/View/View.php(226): include('/var/www/html/ITC-311-ACTIVITY-3/app/Views/Admin.php')
 7 SYSTEMPATH/View/View.php(229): CodeIgniter\View\View->CodeIgniter\View\{closure}()
 8 SYSTEMPATH/Common.php(1188): CodeIgniter\View\View->render()
 9 APPPATH/Controllers/ShopController.php(37): view()
10 SYSTEMPATH/CodeIgniter.php(919): App\Controllers\ShopController->Admin()
11 SYSTEMPATH/CodeIgniter.php(494): CodeIgniter\CodeIgniter->runController()
12 SYSTEMPATH/CodeIgniter.php(353): CodeIgniter\CodeIgniter->handleRequest()
13 FCPATH/index.php(79): CodeIgniter\CodeIgniter->run()
14 SYSTEMPATH/Commands/Server/rewrite.php(47): require_once('/var/www/html/ITC-311-ACTIVITY-3/public/index.php')
CRITICAL - 2023-09-30 07:34:38 --> Undefined variable $prod
in APPPATH/Views/adminfold/admintable.php on line 16.
 1 APPPATH/Views/adminfold/admintable.php(16): CodeIgniter\Debug\Exceptions->errorHandler()
 2 SYSTEMPATH/View/View.php(226): include('/var/www/html/ITC-311-ACTIVITY-3/app/Views/adminfold/admintable.php')
 3 SYSTEMPATH/View/View.php(229): CodeIgniter\View\View->CodeIgniter\View\{closure}()
 4 SYSTEMPATH/View/View.php(467): CodeIgniter\View\View->render()
 5 APPPATH/Views/Admin.php(19): CodeIgniter\View\View->include()
 6 SYSTEMPATH/View/View.php(226): include('/var/www/html/ITC-311-ACTIVITY-3/app/Views/Admin.php')
 7 SYSTEMPATH/View/View.php(229): CodeIgniter\View\View->CodeIgniter\View\{closure}()
 8 SYSTEMPATH/Common.php(1188): CodeIgniter\View\View->render()
 9 APPPATH/Controllers/ShopController.php(37): view()
10 SYSTEMPATH/CodeIgniter.php(919): App\Controllers\ShopController->Admin()
11 SYSTEMPATH/CodeIgniter.php(494): CodeIgniter\CodeIgniter->runController()
12 SYSTEMPATH/CodeIgniter.php(353): CodeIgniter\CodeIgniter->handleRequest()
13 FCPATH/index.php(79): CodeIgniter\CodeIgniter->run()
14 SYSTEMPATH/Commands/Server/rewrite.php(47): require_once('/var/www/html/ITC-311-ACTIVITY-3/public/index.php')
CRITICAL - 2023-09-30 07:35:20 --> Undefined variable $prod
in APPPATH/Views/adminfold/admintable.php on line 16.
 1 APPPATH/Views/adminfold/admintable.php(16): CodeIgniter\Debug\Exceptions->errorHandler()
 2 SYSTEMPATH/View/View.php(226): include('/var/www/html/ITC-311-ACTIVITY-3/app/Views/adminfold/admintable.php')
 3 SYSTEMPATH/View/View.php(229): CodeIgniter\View\View->CodeIgniter\View\{closure}()
 4 SYSTEMPATH/View/View.php(467): CodeIgniter\View\View->render()
 5 APPPATH/Views/Admin.php(19): CodeIgniter\View\View->include()
 6 SYSTEMPATH/View/View.php(226): include('/var/www/html/ITC-311-ACTIVITY-3/app/Views/Admin.php')
 7 SYSTEMPATH/View/View.php(229): CodeIgniter\View\View->CodeIgniter\View\{closure}()
 8 SYSTEMPATH/Common.php(1188): CodeIgniter\View\View->render()
 9 APPPATH/Controllers/ShopController.php(37): view()
10 SYSTEMPATH/CodeIgniter.php(919): App\Controllers\ShopController->Admin()
11 SYSTEMPATH/CodeIgniter.php(494): CodeIgniter\CodeIgniter->runController()
12 SYSTEMPATH/CodeIgniter.php(353): CodeIgniter\CodeIgniter->handleRequest()
13 FCPATH/index.php(79): CodeIgniter\CodeIgniter->run()
14 SYSTEMPATH/Commands/Server/rewrite.php(47): require_once('/var/www/html/ITC-311-ACTIVITY-3/public/index.php')
CRITICAL - 2023-09-30 07:35:35 --> Undefined variable $prod
in APPPATH/Views/adminfold/admintable.php on line 16.
 1 APPPATH/Views/adminfold/admintable.php(16): CodeIgniter\Debug\Exceptions->errorHandler()
 2 SYSTEMPATH/View/View.php(226): include('/var/www/html/ITC-311-ACTIVITY-3/app/Views/adminfold/admintable.php')
 3 SYSTEMPATH/View/View.php(229): CodeIgniter\View\View->CodeIgniter\View\{closure}()
 4 SYSTEMPATH/View/View.php(467): CodeIgniter\View\View->render()
 5 APPPATH/Views/Admin.php(19): CodeIgniter\View\View->include()
 6 SYSTEMPATH/View/View.php(226): include('/var/www/html/ITC-311-ACTIVITY-3/app/Views/Admin.php')
 7 SYSTEMPATH/View/View.php(229): CodeIgniter\View\View->CodeIgniter\View\{closure}()
 8 SYSTEMPATH/Common.php(1188): CodeIgniter\View\View->render()
 9 APPPATH/Controllers/ShopController.php(37): view()
10 SYSTEMPATH/CodeIgniter.php(919): App\Controllers\ShopController->Admin()
11 SYSTEMPATH/CodeIgniter.php(494): CodeIgniter\CodeIgniter->runController()
12 SYSTEMPATH/CodeIgniter.php(353): CodeIgniter\CodeIgniter->handleRequest()
13 FCPATH/index.php(79): CodeIgniter\CodeIgniter->run()
14 SYSTEMPATH/Commands/Server/rewrite.php(47): require_once('/var/www/html/ITC-311-ACTIVITY-3/public/index.php')
CRITICAL - 2023-09-30 07:50:40 --> Undefined property: App\Controllers\ShopController::$activity
in APPPATH/Controllers/ShopController.php on line 42.
 1 APPPATH/Controllers/ShopController.php(42): CodeIgniter\Debug\Exceptions->errorHandler()
 2 SYSTEMPATH/CodeIgniter.php(919): App\Controllers\ShopController->delete()
 3 SYSTEMPATH/CodeIgniter.php(494): CodeIgniter\CodeIgniter->runController()
 4 SYSTEMPATH/CodeIgniter.php(353): CodeIgniter\CodeIgniter->handleRequest()
 5 FCPATH/index.php(79): CodeIgniter\CodeIgniter->run()
 6 SYSTEMPATH/Commands/Server/rewrite.php(47): require_once('/var/www/html/ITC-311-ACTIVITY-3/public/index.php')
CRITICAL - 2023-09-30 07:55:57 --> Undefined property: App\Controllers\ShopController::$activity
in APPPATH/Controllers/ShopController.php on line 42.
 1 APPPATH/Controllers/ShopController.php(42): CodeIgniter\Debug\Exceptions->errorHandler()
 2 SYSTEMPATH/CodeIgniter.php(919): App\Controllers\ShopController->delete()
 3 SYSTEMPATH/CodeIgniter.php(494): CodeIgniter\CodeIgniter->runController()
 4 SYSTEMPATH/CodeIgniter.php(353): CodeIgniter\CodeIgniter->handleRequest()
 5 FCPATH/index.php(79): CodeIgniter\CodeIgniter->run()
 6 SYSTEMPATH/Commands/Server/rewrite.php(47): require_once('/var/www/html/ITC-311-ACTIVITY-3/public/index.php')
CRITICAL - 2023-09-30 08:05:43 --> Undefined property: App\Controllers\ShopController::$activity
in APPPATH/Controllers/ShopController.php on line 42.
 1 APPPATH/Controllers/ShopController.php(42): CodeIgniter\Debug\Exceptions->errorHandler()
 2 SYSTEMPATH/CodeIgniter.php(919): App\Controllers\ShopController->delete()
 3 SYSTEMPATH/CodeIgniter.php(494): CodeIgniter\CodeIgniter->runController()
 4 SYSTEMPATH/CodeIgniter.php(353): CodeIgniter\CodeIgniter->handleRequest()
 5 FCPATH/index.php(79): CodeIgniter\CodeIgniter->run()
 6 SYSTEMPATH/Commands/Server/rewrite.php(47): require_once('/var/www/html/ITC-311-ACTIVITY-3/public/index.php')
CRITICAL - 2023-09-30 09:15:16 --> Undefined variable $prod
in APPPATH/Views/adminfold/admintable.php on line 17.
 1 APPPATH/Views/adminfold/admintable.php(17): CodeIgniter\Debug\Exceptions->errorHandler()
 2 SYSTEMPATH/View/View.php(226): include('/var/www/html/ITC-311-ACTIVITY-3/app/Views/adminfold/admintable.php')
 3 SYSTEMPATH/View/View.php(229): CodeIgniter\View\View->CodeIgniter\View\{closure}()
 4 SYSTEMPATH/View/View.php(467): CodeIgniter\View\View->render()
 5 APPPATH/Views/Admin.php(19): CodeIgniter\View\View->include()
 6 SYSTEMPATH/View/View.php(226): include('/var/www/html/ITC-311-ACTIVITY-3/app/Views/Admin.php')
 7 SYSTEMPATH/View/View.php(229): CodeIgniter\View\View->CodeIgniter\View\{closure}()
 8 SYSTEMPATH/Common.php(1188): CodeIgniter\View\View->render()
 9 APPPATH/Controllers/ShopController.php(37): view()
10 SYSTEMPATH/CodeIgniter.php(919): App\Controllers\ShopController->insert()
11 SYSTEMPATH/CodeIgniter.php(494): CodeIgniter\CodeIgniter->runController()
12 SYSTEMPATH/CodeIgniter.php(353): CodeIgniter\CodeIgniter->handleRequest()
13 FCPATH/index.php(79): CodeIgniter\CodeIgniter->run()
14 SYSTEMPATH/Commands/Server/rewrite.php(47): require_once('/var/www/html/ITC-311-ACTIVITY-3/public/index.php')
CRITICAL - 2023-09-30 09:15:40 --> Undefined variable $prod
in APPPATH/Views/adminfold/admintable.php on line 17.
 1 APPPATH/Views/adminfold/admintable.php(17): CodeIgniter\Debug\Exceptions->errorHandler()
 2 SYSTEMPATH/View/View.php(226): include('/var/www/html/ITC-311-ACTIVITY-3/app/Views/adminfold/admintable.php')
 3 SYSTEMPATH/View/View.php(229): CodeIgniter\View\View->CodeIgniter\View\{closure}()
 4 SYSTEMPATH/View/View.php(467): CodeIgniter\View\View->render()
 5 APPPATH/Views/Admin.php(19): CodeIgniter\View\View->include()
 6 SYSTEMPATH/View/View.php(226): include('/var/www/html/ITC-311-ACTIVITY-3/app/Views/Admin.php')
 7 SYSTEMPATH/View/View.php(229): CodeIgniter\View\View->CodeIgniter\View\{closure}()
 8 SYSTEMPATH/Common.php(1188): CodeIgniter\View\View->render()
 9 APPPATH/Controllers/ShopController.php(37): view()
10 SYSTEMPATH/CodeIgniter.php(919): App\Controllers\ShopController->insert()
11 SYSTEMPATH/CodeIgniter.php(494): CodeIgniter\CodeIgniter->runController()
12 SYSTEMPATH/CodeIgniter.php(353): CodeIgniter\CodeIgniter->handleRequest()
13 FCPATH/index.php(79): CodeIgniter\CodeIgniter->run()
14 SYSTEMPATH/Commands/Server/rewrite.php(47): require_once('/var/www/html/ITC-311-ACTIVITY-3/public/index.php')
CRITICAL - 2023-09-30 09:16:00 --> Undefined variable $prod
in APPPATH/Views/adminfold/admintable.php on line 17.
 1 APPPATH/Views/adminfold/admintable.php(17): CodeIgniter\Debug\Exceptions->errorHandler()
 2 SYSTEMPATH/View/View.php(226): include('/var/www/html/ITC-311-ACTIVITY-3/app/Views/adminfold/admintable.php')
 3 SYSTEMPATH/View/View.php(229): CodeIgniter\View\View->CodeIgniter\View\{closure}()
 4 SYSTEMPATH/View/View.php(467): CodeIgniter\View\View->render()
 5 APPPATH/Views/Admin.php(19): CodeIgniter\View\View->include()
 6 SYSTEMPATH/View/View.php(226): include('/var/www/html/ITC-311-ACTIVITY-3/app/Views/Admin.php')
 7 SYSTEMPATH/View/View.php(229): CodeIgniter\View\View->CodeIgniter\View\{closure}()
 8 SYSTEMPATH/Common.php(1188): CodeIgniter\View\View->render()
 9 APPPATH/Controllers/ShopController.php(37): view()
10 SYSTEMPATH/CodeIgniter.php(919): App\Controllers\ShopController->insert()
11 SYSTEMPATH/CodeIgniter.php(494): CodeIgniter\CodeIgniter->runController()
12 SYSTEMPATH/CodeIgniter.php(353): CodeIgniter\CodeIgniter->handleRequest()
13 FCPATH/index.php(79): CodeIgniter\CodeIgniter->run()
14 SYSTEMPATH/Commands/Server/rewrite.php(47): require_once('/var/www/html/ITC-311-ACTIVITY-3/public/index.php')
CRITICAL - 2023-09-30 09:18:22 --> Undefined variable $prod
in APPPATH/Views/adminfold/admintable.php on line 17.
 1 APPPATH/Views/adminfold/admintable.php(17): CodeIgniter\Debug\Exceptions->errorHandler()
 2 SYSTEMPATH/View/View.php(226): include('/var/www/html/ITC-311-ACTIVITY-3/app/Views/adminfold/admintable.php')
 3 SYSTEMPATH/View/View.php(229): CodeIgniter\View\View->CodeIgniter\View\{closure}()
 4 SYSTEMPATH/View/View.php(467): CodeIgniter\View\View->render()
 5 APPPATH/Views/Admin.php(19): CodeIgniter\View\View->include()
 6 SYSTEMPATH/View/View.php(226): include('/var/www/html/ITC-311-ACTIVITY-3/app/Views/Admin.php')
 7 SYSTEMPATH/View/View.php(229): CodeIgniter\View\View->CodeIgniter\View\{closure}()
 8 SYSTEMPATH/Common.php(1188): CodeIgniter\View\View->render()
 9 APPPATH/Controllers/ShopController.php(37): view()
10 SYSTEMPATH/CodeIgniter.php(919): App\Controllers\ShopController->insert()
11 SYSTEMPATH/CodeIgniter.php(494): CodeIgniter\CodeIgniter->runController()
12 SYSTEMPATH/CodeIgniter.php(353): CodeIgniter\CodeIgniter->handleRequest()
13 FCPATH/index.php(79): CodeIgniter\CodeIgniter->run()
14 SYSTEMPATH/Commands/Server/rewrite.php(47): require_once('/var/www/html/ITC-311-ACTIVITY-3/public/index.php')
CRITICAL - 2023-09-30 09:20:19 --> Undefined variable $prod
in APPPATH/Views/adminfold/admintable.php on line 17.
 1 APPPATH/Views/adminfold/admintable.php(17): CodeIgniter\Debug\Exceptions->errorHandler()
 2 SYSTEMPATH/View/View.php(226): include('/var/www/html/ITC-311-ACTIVITY-3/app/Views/adminfold/admintable.php')
 3 SYSTEMPATH/View/View.php(229): CodeIgniter\View\View->CodeIgniter\View\{closure}()
 4 SYSTEMPATH/View/View.php(467): CodeIgniter\View\View->render()
 5 APPPATH/Views/Admin.php(19): CodeIgniter\View\View->include()
 6 SYSTEMPATH/View/View.php(226): include('/var/www/html/ITC-311-ACTIVITY-3/app/Views/Admin.php')
 7 SYSTEMPATH/View/View.php(229): CodeIgniter\View\View->CodeIgniter\View\{closure}()
 8 SYSTEMPATH/Common.php(1188): CodeIgniter\View\View->render()
 9 APPPATH/Controllers/ShopController.php(37): view()
10 SYSTEMPATH/CodeIgniter.php(919): App\Controllers\ShopController->insert()
11 SYSTEMPATH/CodeIgniter.php(494): CodeIgniter\CodeIgniter->runController()
12 SYSTEMPATH/CodeIgniter.php(353): CodeIgniter\CodeIgniter->handleRequest()
13 FCPATH/index.php(79): CodeIgniter\CodeIgniter->run()
14 SYSTEMPATH/Commands/Server/rewrite.php(47): require_once('/var/www/html/ITC-311-ACTIVITY-3/public/index.php')
CRITICAL - 2023-09-30 09:20:40 --> Undefined variable $prod
in APPPATH/Views/adminfold/admintable.php on line 17.
 1 APPPATH/Views/adminfold/admintable.php(17): CodeIgniter\Debug\Exceptions->errorHandler()
 2 SYSTEMPATH/View/View.php(226): include('/var/www/html/ITC-311-ACTIVITY-3/app/Views/adminfold/admintable.php')
 3 SYSTEMPATH/View/View.php(229): CodeIgniter\View\View->CodeIgniter\View\{closure}()
 4 SYSTEMPATH/View/View.php(467): CodeIgniter\View\View->render()
 5 APPPATH/Views/Admin.php(19): CodeIgniter\View\View->include()
 6 SYSTEMPATH/View/View.php(226): include('/var/www/html/ITC-311-ACTIVITY-3/app/Views/Admin.php')
 7 SYSTEMPATH/View/View.php(229): CodeIgniter\View\View->CodeIgniter\View\{closure}()
 8 SYSTEMPATH/Common.php(1188): CodeIgniter\View\View->render()
 9 APPPATH/Controllers/ShopController.php(37): view()
10 SYSTEMPATH/CodeIgniter.php(919): App\Controllers\ShopController->insert()
11 SYSTEMPATH/CodeIgniter.php(494): CodeIgniter\CodeIgniter->runController()
12 SYSTEMPATH/CodeIgniter.php(353): CodeIgniter\CodeIgniter->handleRequest()
13 FCPATH/index.php(79): CodeIgniter\CodeIgniter->run()
14 SYSTEMPATH/Commands/Server/rewrite.php(47): require_once('/var/www/html/ITC-311-ACTIVITY-3/public/index.php')
CRITICAL - 2023-09-30 09:21:39 --> Invalid file: "errors/error_404.php"
in SYSTEMPATH/Exceptions/FrameworkException.php on line 39.
 1 SYSTEMPATH/View/View.php(214): CodeIgniter\Exceptions\FrameworkException::forInvalidFile()
 2 SYSTEMPATH/Common.php(1188): CodeIgniter\View\View->render()
 3 APPPATH/Controllers/ShopController.php(37): view()
 4 SYSTEMPATH/CodeIgniter.php(919): App\Controllers\ShopController->insert()
 5 SYSTEMPATH/CodeIgniter.php(494): CodeIgniter\CodeIgniter->runController()
 6 SYSTEMPATH/CodeIgniter.php(353): CodeIgniter\CodeIgniter->handleRequest()
 7 FCPATH/index.php(79): CodeIgniter\CodeIgniter->run()
 8 SYSTEMPATH/Commands/Server/rewrite.php(47): require_once('/var/www/html/ITC-311-ACTIVITY-3/public/index.php')
CRITICAL - 2023-09-30 09:21:43 --> Invalid file: "errors/error_404.php"
in SYSTEMPATH/Exceptions/FrameworkException.php on line 39.
 1 SYSTEMPATH/View/View.php(214): CodeIgniter\Exceptions\FrameworkException::forInvalidFile()
 2 SYSTEMPATH/Common.php(1188): CodeIgniter\View\View->render()
 3 APPPATH/Controllers/ShopController.php(37): view()
 4 SYSTEMPATH/CodeIgniter.php(919): App\Controllers\ShopController->insert()
 5 SYSTEMPATH/CodeIgniter.php(494): CodeIgniter\CodeIgniter->runController()
 6 SYSTEMPATH/CodeIgniter.php(353): CodeIgniter\CodeIgniter->handleRequest()
 7 FCPATH/index.php(79): CodeIgniter\CodeIgniter->run()
 8 SYSTEMPATH/Commands/Server/rewrite.php(47): require_once('/var/www/html/ITC-311-ACTIVITY-3/public/index.php')
CRITICAL - 2023-09-30 09:23:09 --> Undefined variable $prod
in APPPATH/Views/adminfold/admintable.php on line 17.
 1 APPPATH/Views/adminfold/admintable.php(17): CodeIgniter\Debug\Exceptions->errorHandler()
 2 SYSTEMPATH/View/View.php(226): include('/var/www/html/ITC-311-ACTIVITY-3/app/Views/adminfold/admintable.php')
 3 SYSTEMPATH/View/View.php(229): CodeIgniter\View\View->CodeIgniter\View\{closure}()
 4 SYSTEMPATH/View/View.php(467): CodeIgniter\View\View->render()
 5 APPPATH/Views/Admin.php(19): CodeIgniter\View\View->include()
 6 SYSTEMPATH/View/View.php(226): include('/var/www/html/ITC-311-ACTIVITY-3/app/Views/Admin.php')
 7 SYSTEMPATH/View/View.php(229): CodeIgniter\View\View->CodeIgniter\View\{closure}()
 8 SYSTEMPATH/Common.php(1188): CodeIgniter\View\View->render()
 9 APPPATH/Controllers/ShopController.php(37): view()
10 SYSTEMPATH/CodeIgniter.php(919): App\Controllers\ShopController->insert()
11 SYSTEMPATH/CodeIgniter.php(494): CodeIgniter\CodeIgniter->runController()
12 SYSTEMPATH/CodeIgniter.php(353): CodeIgniter\CodeIgniter->handleRequest()
13 FCPATH/index.php(79): CodeIgniter\CodeIgniter->run()
14 SYSTEMPATH/Commands/Server/rewrite.php(47): require_once('/var/www/html/ITC-311-ACTIVITY-3/public/index.php')
CRITICAL - 2023-09-30 09:23:38 --> Undefined variable $prod
in APPPATH/Views/adminfold/admintable.php on line 17.
 1 APPPATH/Views/adminfold/admintable.php(17): CodeIgniter\Debug\Exceptions->errorHandler()
 2 SYSTEMPATH/View/View.php(226): include('/var/www/html/ITC-311-ACTIVITY-3/app/Views/adminfold/admintable.php')
 3 SYSTEMPATH/View/View.php(229): CodeIgniter\View\View->CodeIgniter\View\{closure}()
 4 SYSTEMPATH/View/View.php(467): CodeIgniter\View\View->render()
 5 APPPATH/Views/Admin.php(19): CodeIgniter\View\View->include()
 6 SYSTEMPATH/View/View.php(226): include('/var/www/html/ITC-311-ACTIVITY-3/app/Views/Admin.php')
 7 SYSTEMPATH/View/View.php(229): CodeIgniter\View\View->CodeIgniter\View\{closure}()
 8 SYSTEMPATH/Common.php(1188): CodeIgniter\View\View->render()
 9 APPPATH/Controllers/ShopController.php(37): view()
10 SYSTEMPATH/CodeIgniter.php(919): App\Controllers\ShopController->insert()
11 SYSTEMPATH/CodeIgniter.php(494): CodeIgniter\CodeIgniter->runController()
12 SYSTEMPATH/CodeIgniter.php(353): CodeIgniter\CodeIgniter->handleRequest()
13 FCPATH/index.php(79): CodeIgniter\CodeIgniter->run()
14 SYSTEMPATH/Commands/Server/rewrite.php(47): require_once('/var/www/html/ITC-311-ACTIVITY-3/public/index.php')
CRITICAL - 2023-09-30 09:31:21 --> syntax error, unexpected token "public", expecting end of file
in APPPATH/Controllers/ShopController.php on line 38.
 1 SYSTEMPATH/Autoloader/Autoloader.php(285): CodeIgniter\Autoloader\Autoloader->includeFile()
 2 SYSTEMPATH/Autoloader/Autoloader.php(263): CodeIgniter\Autoloader\Autoloader->loadInNamespace()
 3 [internal function]: CodeIgniter\Autoloader\Autoloader->loadClass()
 4 SYSTEMPATH/CodeIgniter.php(877): class_exists()
 5 SYSTEMPATH/CodeIgniter.php(481): CodeIgniter\CodeIgniter->startController()
 6 SYSTEMPATH/CodeIgniter.php(353): CodeIgniter\CodeIgniter->handleRequest()
 7 FCPATH/index.php(79): CodeIgniter\CodeIgniter->run()
 8 SYSTEMPATH/Commands/Server/rewrite.php(47): require_once('/var/www/html/ITC-311-ACTIVITY-3/public/index.php')
CRITICAL - 2023-09-30 09:31:23 --> syntax error, unexpected token "public", expecting end of file
in APPPATH/Controllers/ShopController.php on line 38.
 1 SYSTEMPATH/Autoloader/Autoloader.php(285): CodeIgniter\Autoloader\Autoloader->includeFile()
 2 SYSTEMPATH/Autoloader/Autoloader.php(263): CodeIgniter\Autoloader\Autoloader->loadInNamespace()
 3 [internal function]: CodeIgniter\Autoloader\Autoloader->loadClass()
 4 SYSTEMPATH/CodeIgniter.php(877): class_exists()
 5 SYSTEMPATH/CodeIgniter.php(481): CodeIgniter\CodeIgniter->startController()
 6 SYSTEMPATH/CodeIgniter.php(353): CodeIgniter\CodeIgniter->handleRequest()
 7 FCPATH/index.php(79): CodeIgniter\CodeIgniter->run()
 8 SYSTEMPATH/Commands/Server/rewrite.php(47): require_once('/var/www/html/ITC-311-ACTIVITY-3/public/index.php')
CRITICAL - 2023-09-30 09:31:28 --> syntax error, unexpected token "public", expecting end of file
in APPPATH/Controllers/ShopController.php on line 38.
 1 SYSTEMPATH/Autoloader/Autoloader.php(285): CodeIgniter\Autoloader\Autoloader->includeFile()
 2 SYSTEMPATH/Autoloader/Autoloader.php(263): CodeIgniter\Autoloader\Autoloader->loadInNamespace()
 3 [internal function]: CodeIgniter\Autoloader\Autoloader->loadClass()
 4 SYSTEMPATH/CodeIgniter.php(877): class_exists()
 5 SYSTEMPATH/CodeIgniter.php(481): CodeIgniter\CodeIgniter->startController()
 6 SYSTEMPATH/CodeIgniter.php(353): CodeIgniter\CodeIgniter->handleRequest()
 7 FCPATH/index.php(79): CodeIgniter\CodeIgniter->run()
 8 SYSTEMPATH/Commands/Server/rewrite.php(47): require_once('/var/www/html/ITC-311-ACTIVITY-3/public/index.php')
CRITICAL - 2023-09-30 09:32:06 --> syntax error, unexpected token "public", expecting end of file
in APPPATH/Controllers/ShopController.php on line 38.
 1 SYSTEMPATH/Autoloader/Autoloader.php(285): CodeIgniter\Autoloader\Autoloader->includeFile()
 2 SYSTEMPATH/Autoloader/Autoloader.php(263): CodeIgniter\Autoloader\Autoloader->loadInNamespace()
 3 [internal function]: CodeIgniter\Autoloader\Autoloader->loadClass()
 4 SYSTEMPATH/CodeIgniter.php(877): class_exists()
 5 SYSTEMPATH/CodeIgniter.php(481): CodeIgniter\CodeIgniter->startController()
 6 SYSTEMPATH/CodeIgniter.php(353): CodeIgniter\CodeIgniter->handleRequest()
 7 FCPATH/index.php(79): CodeIgniter\CodeIgniter->run()
 8 SYSTEMPATH/Commands/Server/rewrite.php(47): require_once('/var/www/html/ITC-311-ACTIVITY-3/public/index.php')
CRITICAL - 2023-09-30 09:32:07 --> syntax error, unexpected token "public", expecting end of file
in APPPATH/Controllers/ShopController.php on line 38.
 1 SYSTEMPATH/Autoloader/Autoloader.php(285): CodeIgniter\Autoloader\Autoloader->includeFile()
 2 SYSTEMPATH/Autoloader/Autoloader.php(263): CodeIgniter\Autoloader\Autoloader->loadInNamespace()
 3 [internal function]: CodeIgniter\Autoloader\Autoloader->loadClass()
 4 SYSTEMPATH/CodeIgniter.php(877): class_exists()
 5 SYSTEMPATH/CodeIgniter.php(481): CodeIgniter\CodeIgniter->startController()
 6 SYSTEMPATH/CodeIgniter.php(353): CodeIgniter\CodeIgniter->handleRequest()
 7 FCPATH/index.php(79): CodeIgniter\CodeIgniter->run()
 8 SYSTEMPATH/Commands/Server/rewrite.php(47): require_once('/var/www/html/ITC-311-ACTIVITY-3/public/index.php')
CRITICAL - 2023-09-30 09:32:07 --> syntax error, unexpected token "public", expecting end of file
in APPPATH/Controllers/ShopController.php on line 38.
 1 SYSTEMPATH/Autoloader/Autoloader.php(285): CodeIgniter\Autoloader\Autoloader->includeFile()
 2 SYSTEMPATH/Autoloader/Autoloader.php(263): CodeIgniter\Autoloader\Autoloader->loadInNamespace()
 3 [internal function]: CodeIgniter\Autoloader\Autoloader->loadClass()
 4 SYSTEMPATH/CodeIgniter.php(877): class_exists()
 5 SYSTEMPATH/CodeIgniter.php(481): CodeIgniter\CodeIgniter->startController()
 6 SYSTEMPATH/CodeIgniter.php(353): CodeIgniter\CodeIgniter->handleRequest()
 7 FCPATH/index.php(79): CodeIgniter\CodeIgniter->run()
 8 SYSTEMPATH/Commands/Server/rewrite.php(47): require_once('/var/www/html/ITC-311-ACTIVITY-3/public/index.php')
CRITICAL - 2023-09-30 09:32:07 --> syntax error, unexpected token "public", expecting end of file
in APPPATH/Controllers/ShopController.php on line 38.
 1 SYSTEMPATH/Autoloader/Autoloader.php(285): CodeIgniter\Autoloader\Autoloader->includeFile()
 2 SYSTEMPATH/Autoloader/Autoloader.php(263): CodeIgniter\Autoloader\Autoloader->loadInNamespace()
 3 [internal function]: CodeIgniter\Autoloader\Autoloader->loadClass()
 4 SYSTEMPATH/CodeIgniter.php(877): class_exists()
 5 SYSTEMPATH/CodeIgniter.php(481): CodeIgniter\CodeIgniter->startController()
 6 SYSTEMPATH/CodeIgniter.php(353): CodeIgniter\CodeIgniter->handleRequest()
 7 FCPATH/index.php(79): CodeIgniter\CodeIgniter->run()
 8 SYSTEMPATH/Commands/Server/rewrite.php(47): require_once('/var/www/html/ITC-311-ACTIVITY-3/public/index.php')
CRITICAL - 2023-09-30 09:32:14 --> syntax error, unexpected token "public", expecting end of file
in APPPATH/Controllers/ShopController.php on line 38.
 1 SYSTEMPATH/Autoloader/Autoloader.php(285): CodeIgniter\Autoloader\Autoloader->includeFile()
 2 SYSTEMPATH/Autoloader/Autoloader.php(263): CodeIgniter\Autoloader\Autoloader->loadInNamespace()
 3 [internal function]: CodeIgniter\Autoloader\Autoloader->loadClass()
 4 SYSTEMPATH/CodeIgniter.php(877): class_exists()
 5 SYSTEMPATH/CodeIgniter.php(481): CodeIgniter\CodeIgniter->startController()
 6 SYSTEMPATH/CodeIgniter.php(353): CodeIgniter\CodeIgniter->handleRequest()
 7 FCPATH/index.php(79): CodeIgniter\CodeIgniter->run()
 8 SYSTEMPATH/Commands/Server/rewrite.php(47): require_once('/var/www/html/ITC-311-ACTIVITY-3/public/index.php')
CRITICAL - 2023-09-30 09:32:33 --> syntax error, unexpected token "public", expecting end of file
in APPPATH/Controllers/ShopController.php on line 38.
 1 SYSTEMPATH/Autoloader/Autoloader.php(285): CodeIgniter\Autoloader\Autoloader->includeFile()
 2 SYSTEMPATH/Autoloader/Autoloader.php(263): CodeIgniter\Autoloader\Autoloader->loadInNamespace()
 3 [internal function]: CodeIgniter\Autoloader\Autoloader->loadClass()
 4 SYSTEMPATH/CodeIgniter.php(877): class_exists()
 5 SYSTEMPATH/CodeIgniter.php(481): CodeIgniter\CodeIgniter->startController()
 6 SYSTEMPATH/CodeIgniter.php(353): CodeIgniter\CodeIgniter->handleRequest()
 7 FCPATH/index.php(79): CodeIgniter\CodeIgniter->run()
 8 SYSTEMPATH/Commands/Server/rewrite.php(47): require_once('/var/www/html/ITC-311-ACTIVITY-3/public/index.php')
CRITICAL - 2023-09-30 09:32:45 --> syntax error, unexpected token "public", expecting end of file
in APPPATH/Controllers/ShopController.php on line 37.
 1 SYSTEMPATH/Autoloader/Autoloader.php(285): CodeIgniter\Autoloader\Autoloader->includeFile()
 2 SYSTEMPATH/Autoloader/Autoloader.php(263): CodeIgniter\Autoloader\Autoloader->loadInNamespace()
 3 [internal function]: CodeIgniter\Autoloader\Autoloader->loadClass()
 4 SYSTEMPATH/CodeIgniter.php(877): class_exists()
 5 SYSTEMPATH/CodeIgniter.php(481): CodeIgniter\CodeIgniter->startController()
 6 SYSTEMPATH/CodeIgniter.php(353): CodeIgniter\CodeIgniter->handleRequest()
 7 FCPATH/index.php(79): CodeIgniter\CodeIgniter->run()
 8 SYSTEMPATH/Commands/Server/rewrite.php(47): require_once('/var/www/html/ITC-311-ACTIVITY-3/public/index.php')
CRITICAL - 2023-09-30 09:50:24 --> syntax error, unexpected token "public"
in APPPATH/Controllers/ShopController.php on line 39.
 1 SYSTEMPATH/Autoloader/Autoloader.php(285): CodeIgniter\Autoloader\Autoloader->includeFile()
 2 SYSTEMPATH/Autoloader/Autoloader.php(263): CodeIgniter\Autoloader\Autoloader->loadInNamespace()
 3 [internal function]: CodeIgniter\Autoloader\Autoloader->loadClass()
 4 SYSTEMPATH/CodeIgniter.php(877): class_exists()
 5 SYSTEMPATH/CodeIgniter.php(481): CodeIgniter\CodeIgniter->startController()
 6 SYSTEMPATH/CodeIgniter.php(353): CodeIgniter\CodeIgniter->handleRequest()
 7 FCPATH/index.php(79): CodeIgniter\CodeIgniter->run()
 8 SYSTEMPATH/Commands/Server/rewrite.php(47): require_once('/var/www/html/ITC-311-ACTIVITY-3/public/index.php')
CRITICAL - 2023-09-30 09:50:25 --> syntax error, unexpected token "public"
in APPPATH/Controllers/ShopController.php on line 39.
 1 SYSTEMPATH/Autoloader/Autoloader.php(285): CodeIgniter\Autoloader\Autoloader->includeFile()
 2 SYSTEMPATH/Autoloader/Autoloader.php(263): CodeIgniter\Autoloader\Autoloader->loadInNamespace()
 3 [internal function]: CodeIgniter\Autoloader\Autoloader->loadClass()
 4 SYSTEMPATH/CodeIgniter.php(877): class_exists()
 5 SYSTEMPATH/CodeIgniter.php(481): CodeIgniter\CodeIgniter->startController()
 6 SYSTEMPATH/CodeIgniter.php(353): CodeIgniter\CodeIgniter->handleRequest()
 7 FCPATH/index.php(79): CodeIgniter\CodeIgniter->run()
 8 SYSTEMPATH/Commands/Server/rewrite.php(47): require_once('/var/www/html/ITC-311-ACTIVITY-3/public/index.php')
CRITICAL - 2023-09-30 09:50:35 --> syntax error, unexpected token "public"
in APPPATH/Controllers/ShopController.php on line 39.
 1 SYSTEMPATH/Autoloader/Autoloader.php(285): CodeIgniter\Autoloader\Autoloader->includeFile()
 2 SYSTEMPATH/Autoloader/Autoloader.php(263): CodeIgniter\Autoloader\Autoloader->loadInNamespace()
 3 [internal function]: CodeIgniter\Autoloader\Autoloader->loadClass()
 4 SYSTEMPATH/CodeIgniter.php(877): class_exists()
 5 SYSTEMPATH/CodeIgniter.php(481): CodeIgniter\CodeIgniter->startController()
 6 SYSTEMPATH/CodeIgniter.php(353): CodeIgniter\CodeIgniter->handleRequest()
 7 FCPATH/index.php(79): CodeIgniter\CodeIgniter->run()
 8 SYSTEMPATH/Commands/Server/rewrite.php(47): require_once('/var/www/html/ITC-311-ACTIVITY-3/public/index.php')
CRITICAL - 2023-09-30 09:50:56 --> syntax error, unexpected token "public"
in APPPATH/Controllers/ShopController.php on line 39.
 1 SYSTEMPATH/Autoloader/Autoloader.php(285): CodeIgniter\Autoloader\Autoloader->includeFile()
 2 SYSTEMPATH/Autoloader/Autoloader.php(263): CodeIgniter\Autoloader\Autoloader->loadInNamespace()
 3 [internal function]: CodeIgniter\Autoloader\Autoloader->loadClass()
 4 SYSTEMPATH/CodeIgniter.php(877): class_exists()
 5 SYSTEMPATH/CodeIgniter.php(481): CodeIgniter\CodeIgniter->startController()
 6 SYSTEMPATH/CodeIgniter.php(353): CodeIgniter\CodeIgniter->handleRequest()
 7 FCPATH/index.php(79): CodeIgniter\CodeIgniter->run()
 8 SYSTEMPATH/Commands/Server/rewrite.php(47): require_once('/var/www/html/ITC-311-ACTIVITY-3/public/index.php')
CRITICAL - 2023-09-30 09:52:18 --> Call to a member function isValid() on null
in APPPATH/Controllers/ShopController.php on line 23.
 1 SYSTEMPATH/CodeIgniter.php(919): App\Controllers\ShopController->insert()
 2 SYSTEMPATH/CodeIgniter.php(494): CodeIgniter\CodeIgniter->runController()
 3 SYSTEMPATH/CodeIgniter.php(353): CodeIgniter\CodeIgniter->handleRequest()
 4 FCPATH/index.php(79): CodeIgniter\CodeIgniter->run()
 5 SYSTEMPATH/Commands/Server/rewrite.php(47): require_once('/var/www/html/ITC-311-ACTIVITY-3/public/index.php')
CRITICAL - 2023-09-30 09:52:31 --> Call to a member function isValid() on null
in APPPATH/Controllers/ShopController.php on line 23.
 1 SYSTEMPATH/CodeIgniter.php(919): App\Controllers\ShopController->insert()
 2 SYSTEMPATH/CodeIgniter.php(494): CodeIgniter\CodeIgniter->runController()
 3 SYSTEMPATH/CodeIgniter.php(353): CodeIgniter\CodeIgniter->handleRequest()
 4 FCPATH/index.php(79): CodeIgniter\CodeIgniter->run()
 5 SYSTEMPATH/Commands/Server/rewrite.php(47): require_once('/var/www/html/ITC-311-ACTIVITY-3/public/index.php')
CRITICAL - 2023-09-30 09:55:48 --> Call to a member function isValid() on null
in APPPATH/Controllers/ShopController.php on line 24.
 1 SYSTEMPATH/CodeIgniter.php(919): App\Controllers\ShopController->insert()
 2 SYSTEMPATH/CodeIgniter.php(494): CodeIgniter\CodeIgniter->runController()
 3 SYSTEMPATH/CodeIgniter.php(353): CodeIgniter\CodeIgniter->handleRequest()
 4 FCPATH/index.php(79): CodeIgniter\CodeIgniter->run()
 5 SYSTEMPATH/Commands/Server/rewrite.php(47): require_once('/var/www/html/ITC-311-ACTIVITY-3/public/index.php')
CRITICAL - 2023-09-30 10:03:28 --> Call to a member function isValid() on null
in APPPATH/Controllers/ShopController.php on line 24.
 1 SYSTEMPATH/CodeIgniter.php(919): App\Controllers\ShopController->insert()
 2 SYSTEMPATH/CodeIgniter.php(494): CodeIgniter\CodeIgniter->runController()
 3 SYSTEMPATH/CodeIgniter.php(353): CodeIgniter\CodeIgniter->handleRequest()
 4 FCPATH/index.php(79): CodeIgniter\CodeIgniter->run()
 5 SYSTEMPATH/Commands/Server/rewrite.php(47): require_once('/var/www/html/ITC-311-ACTIVITY-3/public/index.php')
CRITICAL - 2023-09-30 10:53:15 --> Undefined variable $us
in APPPATH/Views/adminfold/admintable.php on line 2.
 1 APPPATH/Views/adminfold/admintable.php(2): CodeIgniter\Debug\Exceptions->errorHandler()
 2 SYSTEMPATH/View/View.php(226): include('/var/www/html/ITC-311-ACTIVITY-3/app/Views/adminfold/admintable.php')
 3 SYSTEMPATH/View/View.php(229): CodeIgniter\View\View->CodeIgniter\View\{closure}()
 4 SYSTEMPATH/View/View.php(467): CodeIgniter\View\View->render()
 5 APPPATH/Views/Admin.php(19): CodeIgniter\View\View->include()
 6 SYSTEMPATH/View/View.php(226): include('/var/www/html/ITC-311-ACTIVITY-3/app/Views/Admin.php')
 7 SYSTEMPATH/View/View.php(229): CodeIgniter\View\View->CodeIgniter\View\{closure}()
 8 SYSTEMPATH/Common.php(1188): CodeIgniter\View\View->render()
 9 APPPATH/Controllers/ShopController.php(64): view()
10 SYSTEMPATH/CodeIgniter.php(919): App\Controllers\ShopController->Admin()
11 SYSTEMPATH/CodeIgniter.php(494): CodeIgniter\CodeIgniter->runController()
12 SYSTEMPATH/CodeIgniter.php(353): CodeIgniter\CodeIgniter->handleRequest()
13 FCPATH/index.php(79): CodeIgniter\CodeIgniter->run()
14 SYSTEMPATH/Commands/Server/rewrite.php(47): require_once('/var/www/html/ITC-311-ACTIVITY-3/public/index.php')
CRITICAL - 2023-09-30 12:53:53 --> Invalid file: "shopsrc/modal.php"
in SYSTEMPATH/Exceptions/FrameworkException.php on line 39.
 1 SYSTEMPATH/View/View.php(214): CodeIgniter\Exceptions\FrameworkException::forInvalidFile()
 2 SYSTEMPATH/View/View.php(467): CodeIgniter\View\View->render()
 3 APPPATH/Views/Admin.php(20): CodeIgniter\View\View->include()
 4 SYSTEMPATH/View/View.php(226): include('/var/www/html/ITC-311-ACTIVITY-3/app/Views/Admin.php')
 5 SYSTEMPATH/View/View.php(229): CodeIgniter\View\View->CodeIgniter\View\{closure}()
 6 SYSTEMPATH/Common.php(1188): CodeIgniter\View\View->render()
 7 APPPATH/Controllers/ShopController.php(98): view()
 8 SYSTEMPATH/CodeIgniter.php(919): App\Controllers\ShopController->edit()
 9 SYSTEMPATH/CodeIgniter.php(494): CodeIgniter\CodeIgniter->runController()
10 SYSTEMPATH/CodeIgniter.php(353): CodeIgniter\CodeIgniter->handleRequest()
11 FCPATH/index.php(79): CodeIgniter\CodeIgniter->run()
12 SYSTEMPATH/Commands/Server/rewrite.php(47): require_once('/var/www/html/ITC-311-ACTIVITY-3/public/index.php')
CRITICAL - 2023-09-30 12:53:57 --> Invalid file: "shopsrc/modal.php"
in SYSTEMPATH/Exceptions/FrameworkException.php on line 39.
 1 SYSTEMPATH/View/View.php(214): CodeIgniter\Exceptions\FrameworkException::forInvalidFile()
 2 SYSTEMPATH/View/View.php(467): CodeIgniter\View\View->render()
 3 APPPATH/Views/Admin.php(20): CodeIgniter\View\View->include()
 4 SYSTEMPATH/View/View.php(226): include('/var/www/html/ITC-311-ACTIVITY-3/app/Views/Admin.php')
 5 SYSTEMPATH/View/View.php(229): CodeIgniter\View\View->CodeIgniter\View\{closure}()
 6 SYSTEMPATH/Common.php(1188): CodeIgniter\View\View->render()
 7 APPPATH/Controllers/ShopController.php(80): view()
 8 SYSTEMPATH/CodeIgniter.php(919): App\Controllers\ShopController->Admin()
 9 SYSTEMPATH/CodeIgniter.php(494): CodeIgniter\CodeIgniter->runController()
10 SYSTEMPATH/CodeIgniter.php(353): CodeIgniter\CodeIgniter->handleRequest()
11 FCPATH/index.php(79): CodeIgniter\CodeIgniter->run()
12 SYSTEMPATH/Commands/Server/rewrite.php(47): require_once('/var/www/html/ITC-311-ACTIVITY-3/public/index.php')
CRITICAL - 2023-09-30 12:54:07 --> Invalid file: "shopsrc/modal.php"
in SYSTEMPATH/Exceptions/FrameworkException.php on line 39.
 1 SYSTEMPATH/View/View.php(214): CodeIgniter\Exceptions\FrameworkException::forInvalidFile()
 2 SYSTEMPATH/View/View.php(467): CodeIgniter\View\View->render()
 3 APPPATH/Views/Admin.php(20): CodeIgniter\View\View->include()
 4 SYSTEMPATH/View/View.php(226): include('/var/www/html/ITC-311-ACTIVITY-3/app/Views/Admin.php')
 5 SYSTEMPATH/View/View.php(229): CodeIgniter\View\View->CodeIgniter\View\{closure}()
 6 SYSTEMPATH/Common.php(1188): CodeIgniter\View\View->render()
 7 APPPATH/Controllers/ShopController.php(80): view()
 8 SYSTEMPATH/CodeIgniter.php(919): App\Controllers\ShopController->Admin()
 9 SYSTEMPATH/CodeIgniter.php(494): CodeIgniter\CodeIgniter->runController()
10 SYSTEMPATH/CodeIgniter.php(353): CodeIgniter\CodeIgniter->handleRequest()
11 FCPATH/index.php(79): CodeIgniter\CodeIgniter->run()
12 SYSTEMPATH/Commands/Server/rewrite.php(47): require_once('/var/www/html/ITC-311-ACTIVITY-3/public/index.php')
CRITICAL - 2023-09-30 12:54:19 --> Invalid file: "shopsrc/modal.php"
in SYSTEMPATH/Exceptions/FrameworkException.php on line 39.
 1 SYSTEMPATH/View/View.php(214): CodeIgniter\Exceptions\FrameworkException::forInvalidFile()
 2 SYSTEMPATH/View/View.php(467): CodeIgniter\View\View->render()
 3 APPPATH/Views/Admin.php(22): CodeIgniter\View\View->include()
 4 SYSTEMPATH/View/View.php(226): include('/var/www/html/ITC-311-ACTIVITY-3/app/Views/Admin.php')
 5 SYSTEMPATH/View/View.php(229): CodeIgniter\View\View->CodeIgniter\View\{closure}()
 6 SYSTEMPATH/Common.php(1188): CodeIgniter\View\View->render()
 7 APPPATH/Controllers/ShopController.php(80): view()
 8 SYSTEMPATH/CodeIgniter.php(919): App\Controllers\ShopController->Admin()
 9 SYSTEMPATH/CodeIgniter.php(494): CodeIgniter\CodeIgniter->runController()
10 SYSTEMPATH/CodeIgniter.php(353): CodeIgniter\CodeIgniter->handleRequest()
11 FCPATH/index.php(79): CodeIgniter\CodeIgniter->run()
12 SYSTEMPATH/Commands/Server/rewrite.php(47): require_once('/var/www/html/ITC-311-ACTIVITY-3/public/index.php')
CRITICAL - 2023-09-30 13:39:35 --> Invalid file: "update.php"
in SYSTEMPATH/Exceptions/FrameworkException.php on line 39.
 1 SYSTEMPATH/View/View.php(214): CodeIgniter\Exceptions\FrameworkException::forInvalidFile()
 2 SYSTEMPATH/Common.php(1188): CodeIgniter\View\View->render()
 3 APPPATH/Controllers/ShopController.php(98): view()
 4 SYSTEMPATH/CodeIgniter.php(919): App\Controllers\ShopController->edit()
 5 SYSTEMPATH/CodeIgniter.php(494): CodeIgniter\CodeIgniter->runController()
 6 SYSTEMPATH/CodeIgniter.php(353): CodeIgniter\CodeIgniter->handleRequest()
 7 FCPATH/index.php(79): CodeIgniter\CodeIgniter->run()
 8 SYSTEMPATH/Commands/Server/rewrite.php(47): require_once('/var/www/html/ITC-311-ACTIVITY-3/public/index.php')
CRITICAL - 2023-09-30 13:39:43 --> Invalid file: "update.php"
in SYSTEMPATH/Exceptions/FrameworkException.php on line 39.
 1 SYSTEMPATH/View/View.php(214): CodeIgniter\Exceptions\FrameworkException::forInvalidFile()
 2 SYSTEMPATH/Common.php(1188): CodeIgniter\View\View->render()
 3 APPPATH/Controllers/ShopController.php(98): view()
 4 SYSTEMPATH/CodeIgniter.php(919): App\Controllers\ShopController->edit()
 5 SYSTEMPATH/CodeIgniter.php(494): CodeIgniter\CodeIgniter->runController()
 6 SYSTEMPATH/CodeIgniter.php(353): CodeIgniter\CodeIgniter->handleRequest()
 7 FCPATH/index.php(79): CodeIgniter\CodeIgniter->run()
 8 SYSTEMPATH/Commands/Server/rewrite.php(47): require_once('/var/www/html/ITC-311-ACTIVITY-3/public/index.php')
